2019-04-20 17:57:03.686  INFO 14384 --- [main]ptablePropertiesBeanFactoryPostProcessor : Post-processing PropertySource instances
2019-04-20 17:57:03.768  INFO 14384 --- [main]c.u.j.EncryptablePropertySourceConverter : Converting PropertySource configurationProperties [org.springframework.boot.context.properties.source.ConfigurationPropertySourcesPropertySource] to AOP Proxy
2019-04-20 17:57:03.768  INFO 14384 --- [main]c.u.j.EncryptablePropertySourceConverter : Converting PropertySource bootstrap [org.springframework.core.env.MapPropertySource] to EncryptableMapPropertySourceWrapper
2019-04-20 17:57:03.770  INFO 14384 --- [main]c.u.j.EncryptablePropertySourceConverter : Converting PropertySource Inlined Test Properties [org.springframework.core.env.MapPropertySource] to EncryptableMapPropertySourceWrapper
2019-04-20 17:57:03.771  INFO 14384 --- [main]c.u.j.EncryptablePropertySourceConverter : Converting PropertySource systemProperties [org.springframework.core.env.MapPropertySource] to EncryptableMapPropertySourceWrapper
2019-04-20 17:57:03.771  INFO 14384 --- [main]c.u.j.EncryptablePropertySourceConverter : Converting PropertySource systemEnvironment [org.springframework.boot.env.SystemEnvironmentPropertySourceEnvironmentPostProcessor$OriginAwareSystemEnvironmentPropertySource] to EncryptableMapPropertySourceWrapper
2019-04-20 17:57:03.771  INFO 14384 --- [main]c.u.j.EncryptablePropertySourceConverter : Converting PropertySource random [org.springframework.boot.env.RandomValuePropertySource] to EncryptablePropertySourceWrapper
2019-04-20 17:57:03.772  INFO 14384 --- [main]c.u.j.EncryptablePropertySourceConverter : Converting PropertySource springCloudClientHostInfo [org.springframework.core.env.MapPropertySource] to EncryptableMapPropertySourceWrapper
2019-04-20 17:57:03.772  INFO 14384 --- [main]c.u.j.EncryptablePropertySourceConverter : Converting PropertySource applicationConfig: [classpath:/bootstrap.yml] [org.springframework.boot.env.OriginTrackedMapPropertySource] to EncryptableMapPropertySourceWrapper
2019-04-20 17:57:03.806  INFO 14384 --- [main]trationDelegate$BeanPostProcessorChecker : Bean 'org.springframework.cloud.autoconfigure.ConfigurationPropertiesRebinderAutoConfiguration' of type [org.springframework.cloud.autoconfigure.ConfigurationPropertiesRebinderAutoConfiguration$$EnhancerBySpringCGLIB$$eee7754b] is not eligible for getting processed by all BeanPostProcessors (for example: not eligible for auto-proxying)
2019-04-20 17:57:03.843  INFO 14384 --- [main]c.u.j.f.DefaultLazyPropertyFilter        : Property Filter custom Bean not found with name 'encryptablePropertyFilter'. Initializing Default Property Filter
2019-04-20 17:57:05.306  INFO 14384 --- [main]c.u.j.r.DefaultLazyPropertyResolver      : Property Resolver custom Bean not found with name 'encryptablePropertyResolver'. Initializing Default Property Resolver
2019-04-20 17:57:05.309  INFO 14384 --- [main]c.u.j.d.DefaultLazyPropertyDetector      : Property Detector custom Bean not found with name 'encryptablePropertyDetector'. Initializing Default Property Detector
2019-04-20 17:57:05.321  INFO 14384 --- [main]EnableEncryptablePropertiesConfiguration : Bootstraping jasypt-string-boot auto configuration in context: wbd-demo-1
2019-04-20 17:57:05.322  INFO 14384 --- [main]c.p.w.WangbendongDemoTestCase            : No active profile set, falling back to default profiles: default
2019-04-20 17:57:06.757  WARN 14384 --- [main]o.s.b.a.e.EndpointId                     : Endpoint ID 'service-registry' contains invalid characters, please migrate to a valid format.
2019-04-20 17:57:07.008  INFO 14384 --- [main]o.s.c.c.s.GenericScope                   : BeanFactory id=3c72ada1-9652-331e-bad3-98c775bce284
2019-04-20 17:57:07.079  INFO 14384 --- [main]ptablePropertiesBeanFactoryPostProcessor : Post-processing PropertySource instances
2019-04-20 17:57:07.106  INFO 14384 --- [main]c.u.j.EncryptablePropertySourceConverter : Converting PropertySource configurationProperties [org.springframework.boot.context.properties.source.ConfigurationPropertySourcesPropertySource] to AOP Proxy
2019-04-20 17:57:07.107  INFO 14384 --- [main]c.u.j.EncryptablePropertySourceConverter : Converting PropertySource Inlined Test Properties [org.springframework.core.env.MapPropertySource] to EncryptableMapPropertySourceWrapper
2019-04-20 17:57:07.107  INFO 14384 --- [main]c.u.j.EncryptablePropertySourceConverter : Converting PropertySource systemProperties [org.springframework.core.env.MapPropertySource] to EncryptableMapPropertySourceWrapper
2019-04-20 17:57:07.108  INFO 14384 --- [main]c.u.j.EncryptablePropertySourceConverter : Converting PropertySource systemEnvironment [org.springframework.boot.env.SystemEnvironmentPropertySourceEnvironmentPostProcessor$OriginAwareSystemEnvironmentPropertySource] to EncryptableMapPropertySourceWrapper
2019-04-20 17:57:07.108  INFO 14384 --- [main]c.u.j.EncryptablePropertySourceConverter : Converting PropertySource random [org.springframework.boot.env.RandomValuePropertySource] to EncryptablePropertySourceWrapper
2019-04-20 17:57:07.109  INFO 14384 --- [main]c.u.j.EncryptablePropertySourceConverter : Converting PropertySource applicationConfig: [classpath:/application.yml] [org.springframework.boot.env.OriginTrackedMapPropertySource] to EncryptableMapPropertySourceWrapper
2019-04-20 17:57:07.109  INFO 14384 --- [main]c.u.j.EncryptablePropertySourceConverter : Converting PropertySource springCloudClientHostInfo [org.springframework.core.env.MapPropertySource] to EncryptableMapPropertySourceWrapper
2019-04-20 17:57:07.110  INFO 14384 --- [main]c.u.j.EncryptablePropertySourceConverter : Converting PropertySource defaultProperties [org.springframework.core.env.MapPropertySource] to EncryptableMapPropertySourceWrapper
2019-04-20 17:57:07.160  INFO 14384 --- [main]c.u.j.f.DefaultLazyPropertyFilter        : Property Filter custom Bean not found with name 'encryptablePropertyFilter'. Initializing Default Property Filter
2019-04-20 17:57:07.237  INFO 14384 --- [main]trationDelegate$BeanPostProcessorChecker : Bean 'org.springframework.transaction.annotation.ProxyTransactionManagementConfiguration' of type [org.springframework.transaction.annotation.ProxyTransactionManagementConfiguration$$EnhancerBySpringCGLIB$$d2cd724e] is not eligible for getting processed by all BeanPostProcessors (for example: not eligible for auto-proxying)
2019-04-20 17:57:07.308  INFO 14384 --- [main]trationDelegate$BeanPostProcessorChecker : Bean 'org.springframework.cloud.autoconfigure.ConfigurationPropertiesRebinderAutoConfiguration' of type [org.springframework.cloud.autoconfigure.ConfigurationPropertiesRebinderAutoConfiguration$$EnhancerBySpringCGLIB$$eee7754b] is not eligible for getting processed by all BeanPostProcessors (for example: not eligible for auto-proxying)
2019-04-20 17:57:07.403  INFO 14384 --- [main]c.u.j.r.DefaultLazyPropertyResolver      : Property Resolver custom Bean not found with name 'encryptablePropertyResolver'. Initializing Default Property Resolver
2019-04-20 17:57:07.404  INFO 14384 --- [main]c.u.j.d.DefaultLazyPropertyDetector      : Property Detector custom Bean not found with name 'encryptablePropertyDetector'. Initializing Default Property Detector
2019-04-20 17:57:07.498  INFO 14384 --- [main]c.u.j.e.DefaultLazyEncryptor             : String Encryptor custom Bean not found with name 'jasyptStringEncryptor'. Initializing Default String Encryptor
2019-04-20 17:57:07.515  INFO 14384 --- [main]c.u.j.e.DefaultLazyEncryptor             : Encryptor config not found for property jasypt.encryptor.algorithm, using default value: PBEWithMD5AndDES
2019-04-20 17:57:07.516  INFO 14384 --- [main]c.u.j.e.DefaultLazyEncryptor             : Encryptor config not found for property jasypt.encryptor.keyObtentionIterations, using default value: 1000
2019-04-20 17:57:07.516  INFO 14384 --- [main]c.u.j.e.DefaultLazyEncryptor             : Encryptor config not found for property jasypt.encryptor.poolSize, using default value: 1
2019-04-20 17:57:07.517  INFO 14384 --- [main]c.u.j.e.DefaultLazyEncryptor             : Encryptor config not found for property jasypt.encryptor.providerName, using default value: null
2019-04-20 17:57:07.518  INFO 14384 --- [main]c.u.j.e.DefaultLazyEncryptor             : Encryptor config not found for property jasypt.encryptor.providerClassName, using default value: null
2019-04-20 17:57:07.519  INFO 14384 --- [main]c.u.j.e.DefaultLazyEncryptor             : Encryptor config not found for property jasypt.encryptor.saltGeneratorClassname, using default value: org.jasypt.salt.RandomSaltGenerator
2019-04-20 17:57:07.521  INFO 14384 --- [main]c.u.j.e.DefaultLazyEncryptor             : Encryptor config not found for property jasypt.encryptor.stringOutputType, using default value: base64
2019-04-20 17:57:09.063  WARN 14384 --- [main]c.n.c.s.URLConfigurationSource           : No URLs will be polled as dynamic configuration sources.
2019-04-20 17:57:09.065  INFO 14384 --- [main]c.n.c.s.URLConfigurationSource           : To enable URLs as dynamic configuration sources, define System property archaius.configurationSource.additionalUrls or make config.properties available on classpath.
2019-04-20 17:57:09.094  INFO 14384 --- [main]c.n.c.DynamicPropertyFactory             : DynamicPropertyFactory is initialized with configuration sources: com.netflix.config.ConcurrentCompositeConfiguration@10e9a5fe
2019-04-20 17:57:09.517  INFO 14384 --- [main]pertySourcedRequestMappingHandlerMapping : Mapped URL path [/v2/api-docs] onto method [public org.springframework.http.ResponseEntity<springfox.documentation.spring.web.json.Json> springfox.documentation.swagger2.web.Swagger2Controller.getDocumentation(java.lang.String,javax.servlet.http.HttpServletRequest)]
2019-04-20 17:57:09.811  WARN 14384 --- [main]c.n.c.s.URLConfigurationSource           : No URLs will be polled as dynamic configuration sources.
2019-04-20 17:57:09.812  INFO 14384 --- [main]c.n.c.s.URLConfigurationSource           : To enable URLs as dynamic configuration sources, define System property archaius.configurationSource.additionalUrls or make config.properties available on classpath.
2019-04-20 17:57:10.145  INFO 14384 --- [main]o.s.s.c.ThreadPoolTaskExecutor           : Initializing ExecutorService 'applicationTaskExecutor'
2019-04-20 17:57:12.247  INFO 14384 --- [main]o.s.c.c.u.InetUtils                      : Cannot determine local hostname
2019-04-20 17:57:14.797  INFO 14384 --- [main]o.s.c.c.u.InetUtils                      : Cannot determine local hostname
2019-04-20 17:57:15.047  WARN 14384 --- [main]a.w.s.ManagementContextAutoConfiguration : Could not start embedded management container on different port (management endpoints are still available through JMX)
2019-04-20 17:57:15.065  INFO 14384 --- [main]d.s.w.p.DocumentationPluginsBootstrapper : Context refreshed
2019-04-20 17:57:15.100  INFO 14384 --- [main]d.s.w.p.DocumentationPluginsBootstrapper : Found 1 custom documentation plugin(s)
2019-04-20 17:57:15.190  INFO 14384 --- [main]s.d.s.w.s.ApiListingReferenceScanner     : Scanning for api listing references
2019-04-20 17:57:15.560  INFO 14384 --- [main]c.p.w.WangbendongDemoTestCase            : Started WangbendongDemoTestCase in 14.332 seconds (JVM running for 15.978)
2019-04-20 17:57:15.875  INFO 14384 --- [main]o.s.b.t.m.w.SpringBootMockServletContext : Initializing Spring TestDispatcherServlet ''
2019-04-20 17:57:15.875  INFO 14384 --- [main]o.s.t.w.s.TestDispatcherServlet          : Initializing Servlet ''
2019-04-20 17:57:15.897  INFO 14384 --- [main]o.s.t.w.s.TestDispatcherServlet          : Completed initialization in 21 ms
2019-04-20 17:57:15.918  INFO 14384 --- [Thread-7]o.s.c.n.e.InstanceInfoFactory            : Setting initial instance status as: STARTING
2019-04-20 17:57:15.923  INFO 14384 --- [Thread-7]o.s.c.n.e.s.EurekaServiceRegistry        : Unregistering application WBD-DEMO with eureka with status DOWN
2019-04-20 17:57:15.948  INFO 14384 --- [Thread-7]o.s.s.c.ThreadPoolTaskExecutor           : Shutting down ExecutorService 'applicationTaskExecutor'
2019-04-20 17:58:53.880  INFO 8824 --- [main]ptablePropertiesBeanFactoryPostProcessor : Post-processing PropertySource instances
2019-04-20 17:58:53.991  INFO 8824 --- [main]c.u.j.EncryptablePropertySourceConverter : Converting PropertySource configurationProperties [org.springframework.boot.context.properties.source.ConfigurationPropertySourcesPropertySource] to AOP Proxy
2019-04-20 17:58:53.992  INFO 8824 --- [main]c.u.j.EncryptablePropertySourceConverter : Converting PropertySource bootstrap [org.springframework.core.env.MapPropertySource] to EncryptableMapPropertySourceWrapper
2019-04-20 17:58:53.994  INFO 8824 --- [main]c.u.j.EncryptablePropertySourceConverter : Converting PropertySource Inlined Test Properties [org.springframework.core.env.MapPropertySource] to EncryptableMapPropertySourceWrapper
2019-04-20 17:58:53.994  INFO 8824 --- [main]c.u.j.EncryptablePropertySourceConverter : Converting PropertySource systemProperties [org.springframework.core.env.MapPropertySource] to EncryptableMapPropertySourceWrapper
2019-04-20 17:58:53.995  INFO 8824 --- [main]c.u.j.EncryptablePropertySourceConverter : Converting PropertySource systemEnvironment [org.springframework.boot.env.SystemEnvironmentPropertySourceEnvironmentPostProcessor$OriginAwareSystemEnvironmentPropertySource] to EncryptableMapPropertySourceWrapper
2019-04-20 17:58:53.995  INFO 8824 --- [main]c.u.j.EncryptablePropertySourceConverter : Converting PropertySource random [org.springframework.boot.env.RandomValuePropertySource] to EncryptablePropertySourceWrapper
2019-04-20 17:58:53.996  INFO 8824 --- [main]c.u.j.EncryptablePropertySourceConverter : Converting PropertySource springCloudClientHostInfo [org.springframework.core.env.MapPropertySource] to EncryptableMapPropertySourceWrapper
2019-04-20 17:58:53.997  INFO 8824 --- [main]c.u.j.EncryptablePropertySourceConverter : Converting PropertySource applicationConfig: [classpath:/bootstrap.yml] [org.springframework.boot.env.OriginTrackedMapPropertySource] to EncryptableMapPropertySourceWrapper
2019-04-20 17:58:54.062  INFO 8824 --- [main]trationDelegate$BeanPostProcessorChecker : Bean 'org.springframework.cloud.autoconfigure.ConfigurationPropertiesRebinderAutoConfiguration' of type [org.springframework.cloud.autoconfigure.ConfigurationPropertiesRebinderAutoConfiguration$$EnhancerBySpringCGLIB$$203f65cc] is not eligible for getting processed by all BeanPostProcessors (for example: not eligible for auto-proxying)
2019-04-20 17:58:54.104  INFO 8824 --- [main]c.u.j.f.DefaultLazyPropertyFilter        : Property Filter custom Bean not found with name 'encryptablePropertyFilter'. Initializing Default Property Filter
2019-04-20 17:58:55.525  INFO 8824 --- [main]c.u.j.r.DefaultLazyPropertyResolver      : Property Resolver custom Bean not found with name 'encryptablePropertyResolver'. Initializing Default Property Resolver
2019-04-20 17:58:55.528  INFO 8824 --- [main]c.u.j.d.DefaultLazyPropertyDetector      : Property Detector custom Bean not found with name 'encryptablePropertyDetector'. Initializing Default Property Detector
2019-04-20 17:58:55.540  INFO 8824 --- [main]EnableEncryptablePropertiesConfiguration : Bootstraping jasypt-string-boot auto configuration in context: wbd-demo-1
2019-04-20 17:58:55.541  INFO 8824 --- [main]c.p.w.WangbendongDemoTestCase            : No active profile set, falling back to default profiles: default
2019-04-20 17:58:57.017  WARN 8824 --- [main]o.s.b.a.e.EndpointId                     : Endpoint ID 'service-registry' contains invalid characters, please migrate to a valid format.
2019-04-20 17:58:57.303  INFO 8824 --- [main]o.s.c.c.s.GenericScope                   : BeanFactory id=3c72ada1-9652-331e-bad3-98c775bce284
2019-04-20 17:58:57.405  INFO 8824 --- [main]ptablePropertiesBeanFactoryPostProcessor : Post-processing PropertySource instances
2019-04-20 17:58:57.432  INFO 8824 --- [main]c.u.j.EncryptablePropertySourceConverter : Converting PropertySource configurationProperties [org.springframework.boot.context.properties.source.ConfigurationPropertySourcesPropertySource] to AOP Proxy
2019-04-20 17:58:57.432  INFO 8824 --- [main]c.u.j.EncryptablePropertySourceConverter : Converting PropertySource Inlined Test Properties [org.springframework.core.env.MapPropertySource] to EncryptableMapPropertySourceWrapper
2019-04-20 17:58:57.433  INFO 8824 --- [main]c.u.j.EncryptablePropertySourceConverter : Converting PropertySource systemProperties [org.springframework.core.env.MapPropertySource] to EncryptableMapPropertySourceWrapper
2019-04-20 17:58:57.433  INFO 8824 --- [main]c.u.j.EncryptablePropertySourceConverter : Converting PropertySource systemEnvironment [org.springframework.boot.env.SystemEnvironmentPropertySourceEnvironmentPostProcessor$OriginAwareSystemEnvironmentPropertySource] to EncryptableMapPropertySourceWrapper
2019-04-20 17:58:57.434  INFO 8824 --- [main]c.u.j.EncryptablePropertySourceConverter : Converting PropertySource random [org.springframework.boot.env.RandomValuePropertySource] to EncryptablePropertySourceWrapper
2019-04-20 17:58:57.434  INFO 8824 --- [main]c.u.j.EncryptablePropertySourceConverter : Converting PropertySource applicationConfig: [classpath:/application.yml] [org.springframework.boot.env.OriginTrackedMapPropertySource] to EncryptableMapPropertySourceWrapper
2019-04-20 17:58:57.435  INFO 8824 --- [main]c.u.j.EncryptablePropertySourceConverter : Converting PropertySource springCloudClientHostInfo [org.springframework.core.env.MapPropertySource] to EncryptableMapPropertySourceWrapper
2019-04-20 17:58:57.435  INFO 8824 --- [main]c.u.j.EncryptablePropertySourceConverter : Converting PropertySource defaultProperties [org.springframework.core.env.MapPropertySource] to EncryptableMapPropertySourceWrapper
2019-04-20 17:58:57.480  INFO 8824 --- [main]c.u.j.f.DefaultLazyPropertyFilter        : Property Filter custom Bean not found with name 'encryptablePropertyFilter'. Initializing Default Property Filter
2019-04-20 17:58:57.552  INFO 8824 --- [main]trationDelegate$BeanPostProcessorChecker : Bean 'org.springframework.transaction.annotation.ProxyTransactionManagementConfiguration' of type [org.springframework.transaction.annotation.ProxyTransactionManagementConfiguration$$EnhancerBySpringCGLIB$$42562cf] is not eligible for getting processed by all BeanPostProcessors (for example: not eligible for auto-proxying)
2019-04-20 17:58:57.612  INFO 8824 --- [main]trationDelegate$BeanPostProcessorChecker : Bean 'org.springframework.cloud.autoconfigure.ConfigurationPropertiesRebinderAutoConfiguration' of type [org.springframework.cloud.autoconfigure.ConfigurationPropertiesRebinderAutoConfiguration$$EnhancerBySpringCGLIB$$203f65cc] is not eligible for getting processed by all BeanPostProcessors (for example: not eligible for auto-proxying)
2019-04-20 17:58:57.724  INFO 8824 --- [main]c.u.j.r.DefaultLazyPropertyResolver      : Property Resolver custom Bean not found with name 'encryptablePropertyResolver'. Initializing Default Property Resolver
2019-04-20 17:58:57.726  INFO 8824 --- [main]c.u.j.d.DefaultLazyPropertyDetector      : Property Detector custom Bean not found with name 'encryptablePropertyDetector'. Initializing Default Property Detector
2019-04-20 17:58:57.841  INFO 8824 --- [main]c.u.j.e.DefaultLazyEncryptor             : String Encryptor custom Bean not found with name 'jasyptStringEncryptor'. Initializing Default String Encryptor
2019-04-20 17:58:57.865  INFO 8824 --- [main]c.u.j.e.DefaultLazyEncryptor             : Encryptor config not found for property jasypt.encryptor.algorithm, using default value: PBEWithMD5AndDES
2019-04-20 17:58:57.867  INFO 8824 --- [main]c.u.j.e.DefaultLazyEncryptor             : Encryptor config not found for property jasypt.encryptor.keyObtentionIterations, using default value: 1000
2019-04-20 17:58:57.868  INFO 8824 --- [main]c.u.j.e.DefaultLazyEncryptor             : Encryptor config not found for property jasypt.encryptor.poolSize, using default value: 1
2019-04-20 17:58:57.868  INFO 8824 --- [main]c.u.j.e.DefaultLazyEncryptor             : Encryptor config not found for property jasypt.encryptor.providerName, using default value: null
2019-04-20 17:58:57.869  INFO 8824 --- [main]c.u.j.e.DefaultLazyEncryptor             : Encryptor config not found for property jasypt.encryptor.providerClassName, using default value: null
2019-04-20 17:58:57.870  INFO 8824 --- [main]c.u.j.e.DefaultLazyEncryptor             : Encryptor config not found for property jasypt.encryptor.saltGeneratorClassname, using default value: org.jasypt.salt.RandomSaltGenerator
2019-04-20 17:58:57.873  INFO 8824 --- [main]c.u.j.e.DefaultLazyEncryptor             : Encryptor config not found for property jasypt.encryptor.stringOutputType, using default value: base64
2019-04-20 17:58:59.700  WARN 8824 --- [main]c.n.c.s.URLConfigurationSource           : No URLs will be polled as dynamic configuration sources.
2019-04-20 17:58:59.702  INFO 8824 --- [main]c.n.c.s.URLConfigurationSource           : To enable URLs as dynamic configuration sources, define System property archaius.configurationSource.additionalUrls or make config.properties available on classpath.
2019-04-20 17:58:59.736  INFO 8824 --- [main]c.n.c.DynamicPropertyFactory             : DynamicPropertyFactory is initialized with configuration sources: com.netflix.config.ConcurrentCompositeConfiguration@259287ac
2019-04-20 17:59:00.207  INFO 8824 --- [main]pertySourcedRequestMappingHandlerMapping : Mapped URL path [/v2/api-docs] onto method [public org.springframework.http.ResponseEntity<springfox.documentation.spring.web.json.Json> springfox.documentation.swagger2.web.Swagger2Controller.getDocumentation(java.lang.String,javax.servlet.http.HttpServletRequest)]
2019-04-20 17:59:00.604  WARN 8824 --- [main]c.n.c.s.URLConfigurationSource           : No URLs will be polled as dynamic configuration sources.
2019-04-20 17:59:00.605  INFO 8824 --- [main]c.n.c.s.URLConfigurationSource           : To enable URLs as dynamic configuration sources, define System property archaius.configurationSource.additionalUrls or make config.properties available on classpath.
2019-04-20 17:59:01.056  INFO 8824 --- [main]o.s.s.c.ThreadPoolTaskExecutor           : Initializing ExecutorService 'applicationTaskExecutor'
2019-04-20 17:59:03.121  INFO 8824 --- [main]o.s.c.c.u.InetUtils                      : Cannot determine local hostname
2019-04-20 17:59:05.594  INFO 8824 --- [main]o.s.c.c.u.InetUtils                      : Cannot determine local hostname
2019-04-20 17:59:05.903  WARN 8824 --- [main]a.w.s.ManagementContextAutoConfiguration : Could not start embedded management container on different port (management endpoints are still available through JMX)
2019-04-20 17:59:05.925  INFO 8824 --- [main]d.s.w.p.DocumentationPluginsBootstrapper : Context refreshed
2019-04-20 17:59:05.988  INFO 8824 --- [main]d.s.w.p.DocumentationPluginsBootstrapper : Found 1 custom documentation plugin(s)
2019-04-20 17:59:06.079  INFO 8824 --- [main]s.d.s.w.s.ApiListingReferenceScanner     : Scanning for api listing references
2019-04-20 17:59:06.521  INFO 8824 --- [main]c.p.w.WangbendongDemoTestCase            : Started WangbendongDemoTestCase in 14.909 seconds (JVM running for 16.502)
2019-04-20 17:59:06.949  INFO 8824 --- [main]o.s.b.t.m.w.SpringBootMockServletContext : Initializing Spring TestDispatcherServlet ''
2019-04-20 17:59:06.949  INFO 8824 --- [main]o.s.t.w.s.TestDispatcherServlet          : Initializing Servlet ''
2019-04-20 17:59:06.972  INFO 8824 --- [main]o.s.t.w.s.TestDispatcherServlet          : Completed initialization in 23 ms
2019-04-20 17:59:06.995  INFO 8824 --- [Thread-7]o.s.c.n.e.InstanceInfoFactory            : Setting initial instance status as: STARTING
2019-04-20 17:59:07.000  INFO 8824 --- [Thread-7]o.s.c.n.e.s.EurekaServiceRegistry        : Unregistering application WBD-DEMO with eureka with status DOWN
2019-04-20 17:59:07.008  INFO 8824 --- [Thread-7]o.s.s.c.ThreadPoolTaskExecutor           : Shutting down ExecutorService 'applicationTaskExecutor'
2019-04-20 18:00:21.443  INFO 11720 --- [main]ptablePropertiesBeanFactoryPostProcessor : Post-processing PropertySource instances
2019-04-20 18:00:21.523  INFO 11720 --- [main]c.u.j.EncryptablePropertySourceConverter : Converting PropertySource configurationProperties [org.springframework.boot.context.properties.source.ConfigurationPropertySourcesPropertySource] to AOP Proxy
2019-04-20 18:00:21.524  INFO 11720 --- [main]c.u.j.EncryptablePropertySourceConverter : Converting PropertySource bootstrap [org.springframework.core.env.MapPropertySource] to EncryptableMapPropertySourceWrapper
2019-04-20 18:00:21.525  INFO 11720 --- [main]c.u.j.EncryptablePropertySourceConverter : Converting PropertySource Inlined Test Properties [org.springframework.core.env.MapPropertySource] to EncryptableMapPropertySourceWrapper
2019-04-20 18:00:21.525  INFO 11720 --- [main]c.u.j.EncryptablePropertySourceConverter : Converting PropertySource systemProperties [org.springframework.core.env.MapPropertySource] to EncryptableMapPropertySourceWrapper
2019-04-20 18:00:21.525  INFO 11720 --- [main]c.u.j.EncryptablePropertySourceConverter : Converting PropertySource systemEnvironment [org.springframework.boot.env.SystemEnvironmentPropertySourceEnvironmentPostProcessor$OriginAwareSystemEnvironmentPropertySource] to EncryptableMapPropertySourceWrapper
2019-04-20 18:00:21.525  INFO 11720 --- [main]c.u.j.EncryptablePropertySourceConverter : Converting PropertySource random [org.springframework.boot.env.RandomValuePropertySource] to EncryptablePropertySourceWrapper
2019-04-20 18:00:21.526  INFO 11720 --- [main]c.u.j.EncryptablePropertySourceConverter : Converting PropertySource springCloudClientHostInfo [org.springframework.core.env.MapPropertySource] to EncryptableMapPropertySourceWrapper
2019-04-20 18:00:21.526  INFO 11720 --- [main]c.u.j.EncryptablePropertySourceConverter : Converting PropertySource applicationConfig: [classpath:/bootstrap.yml] [org.springframework.boot.env.OriginTrackedMapPropertySource] to EncryptableMapPropertySourceWrapper
2019-04-20 18:00:21.560  INFO 11720 --- [main]trationDelegate$BeanPostProcessorChecker : Bean 'org.springframework.cloud.autoconfigure.ConfigurationPropertiesRebinderAutoConfiguration' of type [org.springframework.cloud.autoconfigure.ConfigurationPropertiesRebinderAutoConfiguration$$EnhancerBySpringCGLIB$$203f65cc] is not eligible for getting processed by all BeanPostProcessors (for example: not eligible for auto-proxying)
2019-04-20 18:00:21.589  INFO 11720 --- [main]c.u.j.f.DefaultLazyPropertyFilter        : Property Filter custom Bean not found with name 'encryptablePropertyFilter'. Initializing Default Property Filter
2019-04-20 18:00:23.317  INFO 11720 --- [main]c.u.j.r.DefaultLazyPropertyResolver      : Property Resolver custom Bean not found with name 'encryptablePropertyResolver'. Initializing Default Property Resolver
2019-04-20 18:00:23.321  INFO 11720 --- [main]c.u.j.d.DefaultLazyPropertyDetector      : Property Detector custom Bean not found with name 'encryptablePropertyDetector'. Initializing Default Property Detector
2019-04-20 18:00:23.335  INFO 11720 --- [main]EnableEncryptablePropertiesConfiguration : Bootstraping jasypt-string-boot auto configuration in context: wbd-demo-1
2019-04-20 18:00:23.336  INFO 11720 --- [main]c.p.w.WangbendongDemoTestCase            : No active profile set, falling back to default profiles: default
2019-04-20 18:00:24.746  WARN 11720 --- [main]o.s.b.a.e.EndpointId                     : Endpoint ID 'service-registry' contains invalid characters, please migrate to a valid format.
2019-04-20 18:00:25.023  INFO 11720 --- [main]o.s.c.c.s.GenericScope                   : BeanFactory id=3c72ada1-9652-331e-bad3-98c775bce284
2019-04-20 18:00:25.105  INFO 11720 --- [main]ptablePropertiesBeanFactoryPostProcessor : Post-processing PropertySource instances
2019-04-20 18:00:25.133  INFO 11720 --- [main]c.u.j.EncryptablePropertySourceConverter : Converting PropertySource configurationProperties [org.springframework.boot.context.properties.source.ConfigurationPropertySourcesPropertySource] to AOP Proxy
2019-04-20 18:00:25.134  INFO 11720 --- [main]c.u.j.EncryptablePropertySourceConverter : Converting PropertySource Inlined Test Properties [org.springframework.core.env.MapPropertySource] to EncryptableMapPropertySourceWrapper
2019-04-20 18:00:25.134  INFO 11720 --- [main]c.u.j.EncryptablePropertySourceConverter : Converting PropertySource systemProperties [org.springframework.core.env.MapPropertySource] to EncryptableMapPropertySourceWrapper
2019-04-20 18:00:25.135  INFO 11720 --- [main]c.u.j.EncryptablePropertySourceConverter : Converting PropertySource systemEnvironment [org.springframework.boot.env.SystemEnvironmentPropertySourceEnvironmentPostProcessor$OriginAwareSystemEnvironmentPropertySource] to EncryptableMapPropertySourceWrapper
2019-04-20 18:00:25.136  INFO 11720 --- [main]c.u.j.EncryptablePropertySourceConverter : Converting PropertySource random [org.springframework.boot.env.RandomValuePropertySource] to EncryptablePropertySourceWrapper
2019-04-20 18:00:25.136  INFO 11720 --- [main]c.u.j.EncryptablePropertySourceConverter : Converting PropertySource applicationConfig: [classpath:/application.yml] [org.springframework.boot.env.OriginTrackedMapPropertySource] to EncryptableMapPropertySourceWrapper
2019-04-20 18:00:25.136  INFO 11720 --- [main]c.u.j.EncryptablePropertySourceConverter : Converting PropertySource springCloudClientHostInfo [org.springframework.core.env.MapPropertySource] to EncryptableMapPropertySourceWrapper
2019-04-20 18:00:25.137  INFO 11720 --- [main]c.u.j.EncryptablePropertySourceConverter : Converting PropertySource defaultProperties [org.springframework.core.env.MapPropertySource] to EncryptableMapPropertySourceWrapper
2019-04-20 18:00:25.194  INFO 11720 --- [main]c.u.j.f.DefaultLazyPropertyFilter        : Property Filter custom Bean not found with name 'encryptablePropertyFilter'. Initializing Default Property Filter
2019-04-20 18:00:25.345  INFO 11720 --- [main]trationDelegate$BeanPostProcessorChecker : Bean 'org.springframework.transaction.annotation.ProxyTransactionManagementConfiguration' of type [org.springframework.transaction.annotation.ProxyTransactionManagementConfiguration$$EnhancerBySpringCGLIB$$42562cf] is not eligible for getting processed by all BeanPostProcessors (for example: not eligible for auto-proxying)
2019-04-20 18:00:25.413  INFO 11720 --- [main]trationDelegate$BeanPostProcessorChecker : Bean 'org.springframework.cloud.autoconfigure.ConfigurationPropertiesRebinderAutoConfiguration' of type [org.springframework.cloud.autoconfigure.ConfigurationPropertiesRebinderAutoConfiguration$$EnhancerBySpringCGLIB$$203f65cc] is not eligible for getting processed by all BeanPostProcessors (for example: not eligible for auto-proxying)
2019-04-20 18:00:25.502  INFO 11720 --- [main]c.u.j.r.DefaultLazyPropertyResolver      : Property Resolver custom Bean not found with name 'encryptablePropertyResolver'. Initializing Default Property Resolver
2019-04-20 18:00:25.503  INFO 11720 --- [main]c.u.j.d.DefaultLazyPropertyDetector      : Property Detector custom Bean not found with name 'encryptablePropertyDetector'. Initializing Default Property Detector
2019-04-20 18:00:25.622  INFO 11720 --- [main]c.u.j.e.DefaultLazyEncryptor             : String Encryptor custom Bean not found with name 'jasyptStringEncryptor'. Initializing Default String Encryptor
2019-04-20 18:00:25.642  INFO 11720 --- [main]c.u.j.e.DefaultLazyEncryptor             : Encryptor config not found for property jasypt.encryptor.algorithm, using default value: PBEWithMD5AndDES
2019-04-20 18:00:25.644  INFO 11720 --- [main]c.u.j.e.DefaultLazyEncryptor             : Encryptor config not found for property jasypt.encryptor.keyObtentionIterations, using default value: 1000
2019-04-20 18:00:25.645  INFO 11720 --- [main]c.u.j.e.DefaultLazyEncryptor             : Encryptor config not found for property jasypt.encryptor.poolSize, using default value: 1
2019-04-20 18:00:25.646  INFO 11720 --- [main]c.u.j.e.DefaultLazyEncryptor             : Encryptor config not found for property jasypt.encryptor.providerName, using default value: null
2019-04-20 18:00:25.646  INFO 11720 --- [main]c.u.j.e.DefaultLazyEncryptor             : Encryptor config not found for property jasypt.encryptor.providerClassName, using default value: null
2019-04-20 18:00:25.648  INFO 11720 --- [main]c.u.j.e.DefaultLazyEncryptor             : Encryptor config not found for property jasypt.encryptor.saltGeneratorClassname, using default value: org.jasypt.salt.RandomSaltGenerator
2019-04-20 18:00:25.651  INFO 11720 --- [main]c.u.j.e.DefaultLazyEncryptor             : Encryptor config not found for property jasypt.encryptor.stringOutputType, using default value: base64
2019-04-20 18:00:27.228  WARN 11720 --- [main]c.n.c.s.URLConfigurationSource           : No URLs will be polled as dynamic configuration sources.
2019-04-20 18:00:27.230  INFO 11720 --- [main]c.n.c.s.URLConfigurationSource           : To enable URLs as dynamic configuration sources, define System property archaius.configurationSource.additionalUrls or make config.properties available on classpath.
2019-04-20 18:00:27.259  INFO 11720 --- [main]c.n.c.DynamicPropertyFactory             : DynamicPropertyFactory is initialized with configuration sources: com.netflix.config.ConcurrentCompositeConfiguration@53feeac9
2019-04-20 18:00:27.687  INFO 11720 --- [main]pertySourcedRequestMappingHandlerMapping : Mapped URL path [/v2/api-docs] onto method [public org.springframework.http.ResponseEntity<springfox.documentation.spring.web.json.Json> springfox.documentation.swagger2.web.Swagger2Controller.getDocumentation(java.lang.String,javax.servlet.http.HttpServletRequest)]
2019-04-20 18:00:28.000  WARN 11720 --- [main]c.n.c.s.URLConfigurationSource           : No URLs will be polled as dynamic configuration sources.
2019-04-20 18:00:28.000  INFO 11720 --- [main]c.n.c.s.URLConfigurationSource           : To enable URLs as dynamic configuration sources, define System property archaius.configurationSource.additionalUrls or make config.properties available on classpath.
2019-04-20 18:00:28.378  INFO 11720 --- [main]o.s.s.c.ThreadPoolTaskExecutor           : Initializing ExecutorService 'applicationTaskExecutor'
2019-04-20 18:00:30.491  INFO 11720 --- [main]o.s.c.c.u.InetUtils                      : Cannot determine local hostname
2019-04-20 18:00:33.159  INFO 11720 --- [main]o.s.c.c.u.InetUtils                      : Cannot determine local hostname
2019-04-20 18:00:33.414  WARN 11720 --- [main]a.w.s.ManagementContextAutoConfiguration : Could not start embedded management container on different port (management endpoints are still available through JMX)
2019-04-20 18:00:33.429  INFO 11720 --- [main]d.s.w.p.DocumentationPluginsBootstrapper : Context refreshed
2019-04-20 18:00:33.467  INFO 11720 --- [main]d.s.w.p.DocumentationPluginsBootstrapper : Found 1 custom documentation plugin(s)
2019-04-20 18:00:33.547  INFO 11720 --- [main]s.d.s.w.s.ApiListingReferenceScanner     : Scanning for api listing references
2019-04-20 18:00:33.867  INFO 11720 --- [main]c.p.w.WangbendongDemoTestCase            : Started WangbendongDemoTestCase in 14.783 seconds (JVM running for 16.392)
2019-04-20 18:00:34.199  INFO 11720 --- [main]o.s.b.t.m.w.SpringBootMockServletContext : Initializing Spring TestDispatcherServlet ''
2019-04-20 18:00:34.199  INFO 11720 --- [main]o.s.t.w.s.TestDispatcherServlet          : Initializing Servlet ''
2019-04-20 18:00:34.228  INFO 11720 --- [main]o.s.t.w.s.TestDispatcherServlet          : Completed initialization in 28 ms
2019-04-20 18:00:34.257  INFO 11720 --- [Thread-7]o.s.c.n.e.InstanceInfoFactory            : Setting initial instance status as: STARTING
2019-04-20 18:00:34.283  INFO 11720 --- [Thread-7]o.s.c.n.e.s.EurekaServiceRegistry        : Unregistering application WBD-DEMO with eureka with status DOWN
2019-04-20 18:00:34.290  INFO 11720 --- [Thread-7]o.s.s.c.ThreadPoolTaskExecutor           : Shutting down ExecutorService 'applicationTaskExecutor'
2019-04-20 18:09:23.667  INFO 11404 --- [main]ptablePropertiesBeanFactoryPostProcessor : Post-processing PropertySource instances
2019-04-20 18:09:23.747  INFO 11404 --- [main]c.u.j.EncryptablePropertySourceConverter : Converting PropertySource configurationProperties [org.springframework.boot.context.properties.source.ConfigurationPropertySourcesPropertySource] to AOP Proxy
2019-04-20 18:09:23.747  INFO 11404 --- [main]c.u.j.EncryptablePropertySourceConverter : Converting PropertySource bootstrap [org.springframework.core.env.MapPropertySource] to EncryptableMapPropertySourceWrapper
2019-04-20 18:09:23.748  INFO 11404 --- [main]c.u.j.EncryptablePropertySourceConverter : Converting PropertySource Inlined Test Properties [org.springframework.core.env.MapPropertySource] to EncryptableMapPropertySourceWrapper
2019-04-20 18:09:23.748  INFO 11404 --- [main]c.u.j.EncryptablePropertySourceConverter : Converting PropertySource systemProperties [org.springframework.core.env.MapPropertySource] to EncryptableMapPropertySourceWrapper
2019-04-20 18:09:23.748  INFO 11404 --- [main]c.u.j.EncryptablePropertySourceConverter : Converting PropertySource systemEnvironment [org.springframework.boot.env.SystemEnvironmentPropertySourceEnvironmentPostProcessor$OriginAwareSystemEnvironmentPropertySource] to EncryptableMapPropertySourceWrapper
2019-04-20 18:09:23.748  INFO 11404 --- [main]c.u.j.EncryptablePropertySourceConverter : Converting PropertySource random [org.springframework.boot.env.RandomValuePropertySource] to EncryptablePropertySourceWrapper
2019-04-20 18:09:23.749  INFO 11404 --- [main]c.u.j.EncryptablePropertySourceConverter : Converting PropertySource springCloudClientHostInfo [org.springframework.core.env.MapPropertySource] to EncryptableMapPropertySourceWrapper
2019-04-20 18:09:23.749  INFO 11404 --- [main]c.u.j.EncryptablePropertySourceConverter : Converting PropertySource applicationConfig: [classpath:/bootstrap.yml] [org.springframework.boot.env.OriginTrackedMapPropertySource] to EncryptableMapPropertySourceWrapper
2019-04-20 18:09:23.786  INFO 11404 --- [main]trationDelegate$BeanPostProcessorChecker : Bean 'org.springframework.cloud.autoconfigure.ConfigurationPropertiesRebinderAutoConfiguration' of type [org.springframework.cloud.autoconfigure.ConfigurationPropertiesRebinderAutoConfiguration$$EnhancerBySpringCGLIB$$1ff48793] is not eligible for getting processed by all BeanPostProcessors (for example: not eligible for auto-proxying)
2019-04-20 18:09:23.814  INFO 11404 --- [main]c.u.j.f.DefaultLazyPropertyFilter        : Property Filter custom Bean not found with name 'encryptablePropertyFilter'. Initializing Default Property Filter
2019-04-20 18:09:25.329  INFO 11404 --- [main]c.u.j.r.DefaultLazyPropertyResolver      : Property Resolver custom Bean not found with name 'encryptablePropertyResolver'. Initializing Default Property Resolver
2019-04-20 18:09:25.332  INFO 11404 --- [main]c.u.j.d.DefaultLazyPropertyDetector      : Property Detector custom Bean not found with name 'encryptablePropertyDetector'. Initializing Default Property Detector
2019-04-20 18:09:25.347  INFO 11404 --- [main]EnableEncryptablePropertiesConfiguration : Bootstraping jasypt-string-boot auto configuration in context: wbd-demo-1
2019-04-20 18:09:25.348  INFO 11404 --- [main]c.p.w.WangbendongDemoTestCase            : No active profile set, falling back to default profiles: default
2019-04-20 18:09:26.747  WARN 11404 --- [main]o.s.b.a.e.EndpointId                     : Endpoint ID 'service-registry' contains invalid characters, please migrate to a valid format.
2019-04-20 18:09:26.998  INFO 11404 --- [main]o.s.c.c.s.GenericScope                   : BeanFactory id=3c72ada1-9652-331e-bad3-98c775bce284
2019-04-20 18:09:27.065  INFO 11404 --- [main]ptablePropertiesBeanFactoryPostProcessor : Post-processing PropertySource instances
2019-04-20 18:09:27.086  INFO 11404 --- [main]c.u.j.EncryptablePropertySourceConverter : Converting PropertySource configurationProperties [org.springframework.boot.context.properties.source.ConfigurationPropertySourcesPropertySource] to AOP Proxy
2019-04-20 18:09:27.086  INFO 11404 --- [main]c.u.j.EncryptablePropertySourceConverter : Converting PropertySource Inlined Test Properties [org.springframework.core.env.MapPropertySource] to EncryptableMapPropertySourceWrapper
2019-04-20 18:09:27.087  INFO 11404 --- [main]c.u.j.EncryptablePropertySourceConverter : Converting PropertySource systemProperties [org.springframework.core.env.MapPropertySource] to EncryptableMapPropertySourceWrapper
2019-04-20 18:09:27.087  INFO 11404 --- [main]c.u.j.EncryptablePropertySourceConverter : Converting PropertySource systemEnvironment [org.springframework.boot.env.SystemEnvironmentPropertySourceEnvironmentPostProcessor$OriginAwareSystemEnvironmentPropertySource] to EncryptableMapPropertySourceWrapper
2019-04-20 18:09:27.088  INFO 11404 --- [main]c.u.j.EncryptablePropertySourceConverter : Converting PropertySource random [org.springframework.boot.env.RandomValuePropertySource] to EncryptablePropertySourceWrapper
2019-04-20 18:09:27.088  INFO 11404 --- [main]c.u.j.EncryptablePropertySourceConverter : Converting PropertySource applicationConfig: [classpath:/application.yml] [org.springframework.boot.env.OriginTrackedMapPropertySource] to EncryptableMapPropertySourceWrapper
2019-04-20 18:09:27.088  INFO 11404 --- [main]c.u.j.EncryptablePropertySourceConverter : Converting PropertySource springCloudClientHostInfo [org.springframework.core.env.MapPropertySource] to EncryptableMapPropertySourceWrapper
2019-04-20 18:09:27.089  INFO 11404 --- [main]c.u.j.EncryptablePropertySourceConverter : Converting PropertySource defaultProperties [org.springframework.core.env.MapPropertySource] to EncryptableMapPropertySourceWrapper
2019-04-20 18:09:27.137  INFO 11404 --- [main]c.u.j.f.DefaultLazyPropertyFilter        : Property Filter custom Bean not found with name 'encryptablePropertyFilter'. Initializing Default Property Filter
2019-04-20 18:09:27.193  INFO 11404 --- [main]trationDelegate$BeanPostProcessorChecker : Bean 'org.springframework.transaction.annotation.ProxyTransactionManagementConfiguration' of type [org.springframework.transaction.annotation.ProxyTransactionManagementConfiguration$$EnhancerBySpringCGLIB$$3da8496] is not eligible for getting processed by all BeanPostProcessors (for example: not eligible for auto-proxying)
2019-04-20 18:09:27.245  INFO 11404 --- [main]trationDelegate$BeanPostProcessorChecker : Bean 'org.springframework.cloud.autoconfigure.ConfigurationPropertiesRebinderAutoConfiguration' of type [org.springframework.cloud.autoconfigure.ConfigurationPropertiesRebinderAutoConfiguration$$EnhancerBySpringCGLIB$$1ff48793] is not eligible for getting processed by all BeanPostProcessors (for example: not eligible for auto-proxying)
2019-04-20 18:09:27.324  INFO 11404 --- [main]c.u.j.r.DefaultLazyPropertyResolver      : Property Resolver custom Bean not found with name 'encryptablePropertyResolver'. Initializing Default Property Resolver
2019-04-20 18:09:27.325  INFO 11404 --- [main]c.u.j.d.DefaultLazyPropertyDetector      : Property Detector custom Bean not found with name 'encryptablePropertyDetector'. Initializing Default Property Detector
2019-04-20 18:09:27.420  INFO 11404 --- [main]c.u.j.e.DefaultLazyEncryptor             : String Encryptor custom Bean not found with name 'jasyptStringEncryptor'. Initializing Default String Encryptor
2019-04-20 18:09:27.439  INFO 11404 --- [main]c.u.j.e.DefaultLazyEncryptor             : Encryptor config not found for property jasypt.encryptor.algorithm, using default value: PBEWithMD5AndDES
2019-04-20 18:09:27.440  INFO 11404 --- [main]c.u.j.e.DefaultLazyEncryptor             : Encryptor config not found for property jasypt.encryptor.keyObtentionIterations, using default value: 1000
2019-04-20 18:09:27.441  INFO 11404 --- [main]c.u.j.e.DefaultLazyEncryptor             : Encryptor config not found for property jasypt.encryptor.poolSize, using default value: 1
2019-04-20 18:09:27.442  INFO 11404 --- [main]c.u.j.e.DefaultLazyEncryptor             : Encryptor config not found for property jasypt.encryptor.providerName, using default value: null
2019-04-20 18:09:27.443  INFO 11404 --- [main]c.u.j.e.DefaultLazyEncryptor             : Encryptor config not found for property jasypt.encryptor.providerClassName, using default value: null
2019-04-20 18:09:27.444  INFO 11404 --- [main]c.u.j.e.DefaultLazyEncryptor             : Encryptor config not found for property jasypt.encryptor.saltGeneratorClassname, using default value: org.jasypt.salt.RandomSaltGenerator
2019-04-20 18:09:27.447  INFO 11404 --- [main]c.u.j.e.DefaultLazyEncryptor             : Encryptor config not found for property jasypt.encryptor.stringOutputType, using default value: base64
2019-04-20 18:09:28.914  WARN 11404 --- [main]c.n.c.s.URLConfigurationSource           : No URLs will be polled as dynamic configuration sources.
2019-04-20 18:09:28.915  INFO 11404 --- [main]c.n.c.s.URLConfigurationSource           : To enable URLs as dynamic configuration sources, define System property archaius.configurationSource.additionalUrls or make config.properties available on classpath.
2019-04-20 18:09:28.943  INFO 11404 --- [main]c.n.c.DynamicPropertyFactory             : DynamicPropertyFactory is initialized with configuration sources: com.netflix.config.ConcurrentCompositeConfiguration@6afbe6a1
2019-04-20 18:09:29.365  INFO 11404 --- [main]pertySourcedRequestMappingHandlerMapping : Mapped URL path [/v2/api-docs] onto method [public org.springframework.http.ResponseEntity<springfox.documentation.spring.web.json.Json> springfox.documentation.swagger2.web.Swagger2Controller.getDocumentation(java.lang.String,javax.servlet.http.HttpServletRequest)]
2019-04-20 18:09:29.675  WARN 11404 --- [main]c.n.c.s.URLConfigurationSource           : No URLs will be polled as dynamic configuration sources.
2019-04-20 18:09:29.675  INFO 11404 --- [main]c.n.c.s.URLConfigurationSource           : To enable URLs as dynamic configuration sources, define System property archaius.configurationSource.additionalUrls or make config.properties available on classpath.
2019-04-20 18:09:30.013  INFO 11404 --- [main]o.s.s.c.ThreadPoolTaskExecutor           : Initializing ExecutorService 'applicationTaskExecutor'
2019-04-20 18:09:32.077  INFO 11404 --- [main]o.s.c.c.u.InetUtils                      : Cannot determine local hostname
2019-04-20 18:09:34.528  INFO 11404 --- [main]o.s.c.c.u.InetUtils                      : Cannot determine local hostname
2019-04-20 18:09:34.736  WARN 11404 --- [main]a.w.s.ManagementContextAutoConfiguration : Could not start embedded management container on different port (management endpoints are still available through JMX)
2019-04-20 18:09:34.750  INFO 11404 --- [main]d.s.w.p.DocumentationPluginsBootstrapper : Context refreshed
2019-04-20 18:09:34.792  INFO 11404 --- [main]d.s.w.p.DocumentationPluginsBootstrapper : Found 1 custom documentation plugin(s)
2019-04-20 18:09:34.865  INFO 11404 --- [main]s.d.s.w.s.ApiListingReferenceScanner     : Scanning for api listing references
2019-04-20 18:09:35.182  INFO 11404 --- [main]c.p.w.WangbendongDemoTestCase            : Started WangbendongDemoTestCase in 13.74 seconds (JVM running for 15.321)
2019-04-20 18:09:35.539  INFO 11404 --- [main]o.s.b.t.m.w.SpringBootMockServletContext : Initializing Spring TestDispatcherServlet ''
2019-04-20 18:09:35.540  INFO 11404 --- [main]o.s.t.w.s.TestDispatcherServlet          : Initializing Servlet ''
2019-04-20 18:09:35.564  INFO 11404 --- [main]o.s.t.w.s.TestDispatcherServlet          : Completed initialization in 23 ms
2019-04-20 18:09:35.591  INFO 11404 --- [Thread-7]o.s.c.n.e.InstanceInfoFactory            : Setting initial instance status as: STARTING
2019-04-20 18:09:35.596  INFO 11404 --- [Thread-7]o.s.c.n.e.s.EurekaServiceRegistry        : Unregistering application WBD-DEMO with eureka with status DOWN
2019-04-20 18:09:35.604  INFO 11404 --- [Thread-7]o.s.s.c.ThreadPoolTaskExecutor           : Shutting down ExecutorService 'applicationTaskExecutor'
